c:\users\lodin\documents\college_work\spring2024\ood_wensday_class\project1\mapdll\x64\debug\mapdll.pch
c:\users\lodin\documents\college_work\spring2024\ood_wensday_class\project1\mapdll\x64\debug\vc143.pdb
c:\users\lodin\documents\college_work\spring2024\ood_wensday_class\project1\mapdll\x64\debug\vc143.idb
c:\users\lodin\documents\college_work\spring2024\ood_wensday_class\project1\mapdll\x64\debug\pch.obj
c:\users\lodin\documents\college_work\spring2024\ood_wensday_class\project1\mapdll\x64\debug\map.obj
c:\users\lodin\documents\college_work\spring2024\ood_wensday_class\project1\mapdll\x64\debug\file_management_map.obj
c:\users\lodin\documents\college_work\spring2024\ood_wensday_class\project1\mapdll\x64\debug\dllmain.obj
c:\users\lodin\documents\college_work\spring2024\ood_wensday_class\project1\mapdll\x64\debug\mapdll.ilk
c:\users\lodin\documents\college_work\spring2024\ood_wensday_class\project1\code\x64\debug\mapdll.dll
c:\users\lodin\documents\college_work\spring2024\ood_wensday_class\project1\code\x64\debug\mapdll.pdb
c:\users\lodin\documents\college_work\spring2024\ood_wensday_class\project1\code\x64\debug\mapdll.lib
c:\users\lodin\documents\college_work\spring2024\ood_wensday_class\project1\code\x64\debug\mapdll.exp
c:\users\lodin\documents\college_work\spring2024\ood_wensday_class\project1\mapdll\x64\debug\mapdll.tlog\cl.command.1.tlog
c:\users\lodin\documents\college_work\spring2024\ood_wensday_class\project1\mapdll\x64\debug\mapdll.tlog\cl.items.tlog
c:\users\lodin\documents\college_work\spring2024\ood_wensday_class\project1\mapdll\x64\debug\mapdll.tlog\cl.read.1.tlog
c:\users\lodin\documents\college_work\spring2024\ood_wensday_class\project1\mapdll\x64\debug\mapdll.tlog\cl.write.1.tlog
c:\users\lodin\documents\college_work\spring2024\ood_wensday_class\project1\mapdll\x64\debug\mapdll.tlog\link.command.1.tlog
c:\users\lodin\documents\college_work\spring2024\ood_wensday_class\project1\mapdll\x64\debug\mapdll.tlog\link.read.1.tlog
c:\users\lodin\documents\college_work\spring2024\ood_wensday_class\project1\mapdll\x64\debug\mapdll.tlog\link.write.1.tlog
c:\users\lodin\documents\college_work\spring2024\ood_wensday_class\project1\mapdll\x64\debug\mapdll.tlog\link.write.2u.tlog
