c:\users\lande\source\repos\tpespos\reducedll\x64\debug\vc143.pdb
c:\users\lande\source\repos\tpespos\reducedll\x64\debug\vc143.idb
c:\users\lande\source\repos\tpespos\reducedll\x64\debug\dllmain.obj
c:\users\lande\source\repos\tpespos\reducedll\x64\debug\reducedll.pch
c:\users\lande\source\repos\tpespos\reducedll\x64\debug\pch.obj
c:\users\lande\source\repos\tpespos\reducedll\x64\debug\file_management.obj
c:\users\lande\source\repos\tpespos\reducedll\x64\debug\reducedll.obj
c:\users\lande\source\repos\tpespos\cse_687_object_oriented_design_project_1\x64\debug\reducedll.lib
c:\users\lande\source\repos\tpespos\cse_687_object_oriented_design_project_1\x64\debug\reducedll.exp
c:\users\lande\source\repos\tpespos\cse_687_object_oriented_design_project_1\x64\debug\reducedll.dll
c:\users\lande\source\repos\tpespos\reducedll\x64\debug\reducedll.ilk
c:\users\lande\source\repos\tpespos\cse_687_object_oriented_design_project_1\x64\debug\reducedll.pdb
c:\users\lande\source\repos\tpespos\reducedll\x64\debug\reduce.obj
c:\users\lande\source\repos\tpespos\reducedll\x64\debug\reducedll.tlog\cl.command.1.tlog
c:\users\lande\source\repos\tpespos\reducedll\x64\debug\reducedll.tlog\cl.items.tlog
c:\users\lande\source\repos\tpespos\reducedll\x64\debug\reducedll.tlog\cl.read.1.tlog
c:\users\lande\source\repos\tpespos\reducedll\x64\debug\reducedll.tlog\cl.write.1.tlog
c:\users\lande\source\repos\tpespos\reducedll\x64\debug\reducedll.tlog\link.command.1.tlog
c:\users\lande\source\repos\tpespos\reducedll\x64\debug\reducedll.tlog\link.read.1.tlog
c:\users\lande\source\repos\tpespos\reducedll\x64\debug\reducedll.tlog\link.write.1.tlog
c:\users\lande\source\repos\tpespos\reducedll\x64\debug\reducedll.tlog\link.write.2u.tlog
